<?xml version="1.0" encoding="UTF-8"?>
<testsuite name="me.joao.dev_joao_digital_bank_2024.DevJoaoDigitalBank2024ApplicationTests" tests="1" skipped="0" failures="0" errors="0" timestamp="2024-08-27T16:38:07" hostname="DESKTOP-M41DE3S" time="0.609">
  <properties/>
  <testcase name="contextLoads()" classname="me.joao.dev_joao_digital_bank_2024.DevJoaoDigitalBank2024ApplicationTests" time="0.609"/>
  <system-out><![CDATA[13:38:01.805 [Test worker] INFO org.springframework.test.context.support.AnnotationConfigContextLoaderUtils -- Could not detect default configuration classes for test class [me.joao.dev_joao_digital_bank_2024.DevJoaoDigitalBank2024ApplicationTests]: DevJoaoDigitalBank2024ApplicationTests does not declare any static, non-private, non-final, nested classes annotated with @Configuration.
13:38:01.928 [Test worker] INFO org.springframework.boot.test.context.SpringBootTestContextBootstrapper -- Found @SpringBootConfiguration me.joao.dev_joao_digital_bank_2024.Application for test class me.joao.dev_joao_digital_bank_2024.DevJoaoDigitalBank2024ApplicationTests

  .   ____          _            __ _ _
 /\\ / ___'_ __ _ _(_)_ __  __ _ \ \ \ \
( ( )\___ | '_ | '_| | '_ \/ _` | \ \ \ \
 \\/  ___)| |_)| | | | | || (_| |  ) ) ) )
  '  |____| .__|_| |_|_| |_\__, | / / / /
 =========|_|==============|___/=/_/_/_/

 :: Spring Boot ::                (v3.3.3)

2024-08-27T13:38:02.354-03:00  INFO 16248 --- [    Test worker] d.DevJoaoDigitalBank2024ApplicationTests : Starting DevJoaoDigitalBank2024ApplicationTests using Java 17.0.12 with PID 16248 (started by AmbienteDev in D:\DIO treinamento\estudos\Spring Boot\dev-joao-digital-bank-2024)
2024-08-27T13:38:02.355-03:00  INFO 16248 --- [    Test worker] d.DevJoaoDigitalBank2024ApplicationTests : No active profile set, falling back to 1 default profile: "default"
2024-08-27T13:38:03.196-03:00  INFO 16248 --- [    Test worker] .s.d.r.c.RepositoryConfigurationDelegate : Bootstrapping Spring Data JPA repositories in DEFAULT mode.
2024-08-27T13:38:03.259-03:00  INFO 16248 --- [    Test worker] .s.d.r.c.RepositoryConfigurationDelegate : Finished Spring Data repository scanning in 50 ms. Found 1 JPA repository interface.
2024-08-27T13:38:03.683-03:00  INFO 16248 --- [    Test worker] com.zaxxer.hikari.HikariDataSource       : HikariPool-1 - Starting...
2024-08-27T13:38:03.901-03:00  INFO 16248 --- [    Test worker] com.zaxxer.hikari.pool.HikariPool        : HikariPool-1 - Added connection conn0: url=jdbc:h2:mem:9b2ec975-d82a-4d44-afc2-a585dd00de04 user=SA
2024-08-27T13:38:03.903-03:00  INFO 16248 --- [    Test worker] com.zaxxer.hikari.HikariDataSource       : HikariPool-1 - Start completed.
2024-08-27T13:38:03.960-03:00  INFO 16248 --- [    Test worker] o.hibernate.jpa.internal.util.LogHelper  : HHH000204: Processing PersistenceUnitInfo [name: default]
2024-08-27T13:38:04.028-03:00  INFO 16248 --- [    Test worker] org.hibernate.Version                    : HHH000412: Hibernate ORM core version 6.5.2.Final
2024-08-27T13:38:04.071-03:00  INFO 16248 --- [    Test worker] o.h.c.internal.RegionFactoryInitiator    : HHH000026: Second-level cache disabled
2024-08-27T13:38:04.430-03:00  INFO 16248 --- [    Test worker] o.s.o.j.p.SpringPersistenceUnitInfo      : No LoadTimeWeaver setup: ignoring JPA class transformer
2024-08-27T13:38:05.503-03:00  INFO 16248 --- [    Test worker] o.h.e.t.j.p.i.JtaPlatformInitiator       : HHH000489: No JTA platform available (set 'hibernate.transaction.jta.platform' to enable JTA platform integration)
2024-08-27T13:38:05.562-03:00  INFO 16248 --- [    Test worker] j.LocalContainerEntityManagerFactoryBean : Initialized JPA EntityManagerFactory for persistence unit 'default'
2024-08-27T13:38:06.374-03:00  WARN 16248 --- [    Test worker] JpaBaseConfiguration$JpaWebConfiguration : spring.jpa.open-in-view is enabled by default. Therefore, database queries may be performed during view rendering. Explicitly configure spring.jpa.open-in-view to disable this warning
2024-08-27T13:38:07.069-03:00  INFO 16248 --- [    Test worker] d.DevJoaoDigitalBank2024ApplicationTests : Started DevJoaoDigitalBank2024ApplicationTests in 4.946 seconds (process running for 6.451)
]]></system-out>
  <system-err><![CDATA[]]></system-err>
</testsuite>
